<?xml version="1.0" encoding="UTF-8"?>
<!-- Generated by org.testng.reporters.JUnitReportReporter -->
<testsuite hostname="ETVL114568" name="com.LorealPages_TestCases.testing" tests="1" failures="0" timestamp="17 Apr 2019 15:56:22 GMT" time="0.013" errors="0">
  <testcase name="prin" time="0.013" classname="com.LorealPages_TestCases.testing"/>
</testsuite> <!-- com.LorealPages_TestCases.testing -->
