<?xml version="1.0" encoding="UTF-8"?>
<!-- Generated by org.testng.reporters.JUnitReportReporter -->
<testsuite hostname="ETVL114568" name="com.LorealPages_TestCases.AllProducts" tests="7" failures="0" timestamp="26 Apr 2019 11:13:29 GMT" time="35.409" errors="0">
  <testcase name="verifyallProductsFilters" time="0.882" classname="com.LorealPages_TestCases.AllProducts"/>
  <testcase name="verifyallProductHeader" time="1.079" classname="com.LorealPages_TestCases.AllProducts"/>
  <testcase name="verifyclickonLoadMoreButton" time="4.620" classname="com.LorealPages_TestCases.AllProducts"/>
  <testcase name="verifyallProductsOpenFilterOptions" time="1.305" classname="com.LorealPages_TestCases.AllProducts"/>
  <testcase name="verifyallProductsGrid" time="10.156" classname="com.LorealPages_TestCases.AllProducts"/>
  <testcase name="verifyallProductLink" time="10.241" classname="com.LorealPages_TestCases.AllProducts"/>
  <testcase name="verifyallProductsClearAll" time="7.126" classname="com.LorealPages_TestCases.AllProducts"/>
</testsuite> <!-- com.LorealPages_TestCases.AllProducts -->
