<?xml version="1.0" encoding="UTF-8"?>
<!-- Generated by org.testng.reporters.JUnitReportReporter -->
<testsuite hostname="ETVL114568" name="com.LorealPages_TestCases.MakeUp" tests="7" failures="0" timestamp="26 Apr 2019 11:25:25 GMT" time="30.893" errors="0">
  <testcase name="verifymakeUpHeader" time="1.178" classname="com.LorealPages_TestCases.MakeUp"/>
  <testcase name="verifymakeUpProductGrid" time="1.785" classname="com.LorealPages_TestCases.MakeUp"/>
  <testcase name="verifyLoadMoreisClickable" time="5.037" classname="com.LorealPages_TestCases.MakeUp"/>
  <testcase name="verifymakeUpPath" time="14.858" classname="com.LorealPages_TestCases.MakeUp"/>
  <testcase name="verifymakeUpDescription" time="1.234" classname="com.LorealPages_TestCases.MakeUp"/>
  <testcase name="verifymakeUpAllProducts" time="3.598" classname="com.LorealPages_TestCases.MakeUp"/>
  <testcase name="verifymakeUpLoadMoreButton" time="3.203" classname="com.LorealPages_TestCases.MakeUp"/>
</testsuite> <!-- com.LorealPages_TestCases.MakeUp -->
