<?xml version="1.0" encoding="UTF-8"?>
<!-- Generated by org.testng.reporters.JUnitReportReporter -->
<testsuite hostname="ETVL114568" name="com.LorealPages_TestCases.MenExpert" tests="7" failures="0" timestamp="26 Apr 2019 11:31:27 GMT" time="28.551" errors="0">
  <testcase name="verifymenExpertHeader" time="0.928" classname="com.LorealPages_TestCases.MenExpert"/>
  <testcase name="verifymenExpertProductGrid" time="1.646" classname="com.LorealPages_TestCases.MenExpert"/>
  <testcase name="verifyLoadMoreisClickable" time="4.527" classname="com.LorealPages_TestCases.MenExpert"/>
  <testcase name="verifymenExpertPathPath" time="14.856" classname="com.LorealPages_TestCases.MenExpert"/>
  <testcase name="verifymenExpertDescription" time="1.017" classname="com.LorealPages_TestCases.MenExpert"/>
  <testcase name="verifymenExpertAllProducts" time="2.870" classname="com.LorealPages_TestCases.MenExpert"/>
  <testcase name="verifymenExpertLoadMoreButton" time="2.707" classname="com.LorealPages_TestCases.MenExpert"/>
</testsuite> <!-- com.LorealPages_TestCases.MenExpert -->
