<?xml version="1.0" encoding="UTF-8"?>
<!-- Generated by org.testng.reporters.JUnitReportReporter -->
<testsuite hostname="ETVL114568" name="com.LorealPages_TestCases.BeautyGenius" tests="5" failures="0" timestamp="26 Apr 2019 11:14:42 GMT" time="19.066" errors="0">
  <testcase name="verifybeautyGeniusIcon" time="11.497" classname="com.LorealPages_TestCases.BeautyGenius"/>
  <testcase name="verifybeautyGeniusLogo" time="1.613" classname="com.LorealPages_TestCases.BeautyGenius"/>
  <testcase name="verifymenExpertProductGrid" time="0.868" classname="com.LorealPages_TestCases.BeautyGenius"/>
  <testcase name="verifybeautyGeniusHeader" time="0.846" classname="com.LorealPages_TestCases.BeautyGenius"/>
  <testcase name="verifybeautyGeniusRegistrationForm" time="4.242" classname="com.LorealPages_TestCases.BeautyGenius"/>
</testsuite> <!-- com.LorealPages_TestCases.BeautyGenius -->
