<?xml version="1.0" encoding="UTF-8"?>
<!-- Generated by org.testng.reporters.JUnitReportReporter -->
<testsuite hostname="ETVL114568" name="com.LorealPages_TestCases.HairColor" tests="7" failures="0" timestamp="26 Apr 2019 11:21:33 GMT" time="25.980" errors="0">
  <testcase name="verifyhairColorHeader" time="0.937" classname="com.LorealPages_TestCases.HairColor"/>
  <testcase name="verifyhairColorProductGrid" time="1.287" classname="com.LorealPages_TestCases.HairColor"/>
  <testcase name="verifyLoadMoreisClickable" time="4.995" classname="com.LorealPages_TestCases.HairColor"/>
  <testcase name="verifyhairColorPathPath" time="10.628" classname="com.LorealPages_TestCases.HairColor"/>
  <testcase name="verifyhairColorDescription" time="1.205" classname="com.LorealPages_TestCases.HairColor"/>
  <testcase name="verifyhairColorAllProducts" time="3.754" classname="com.LorealPages_TestCases.HairColor"/>
  <testcase name="verifyhairColorLoadMoreButton" time="3.174" classname="com.LorealPages_TestCases.HairColor"/>
</testsuite> <!-- com.LorealPages_TestCases.HairColor -->
