<?xml version="1.0" encoding="UTF-8"?>
<!-- Generated by org.testng.reporters.JUnitReportReporter -->
<testsuite hostname="ETVL114568" name="com.LorealPages_TestCases.HairCare" tests="7" failures="0" timestamp="26 Apr 2019 11:16:15 GMT" time="28.808" errors="0">
  <testcase name="verifyhairCareHeader" time="0.931" classname="com.LorealPages_TestCases.HairCare"/>
  <testcase name="verifyhairCareProductGrid" time="1.428" classname="com.LorealPages_TestCases.HairCare"/>
  <testcase name="verifyLoadMoreisClickable" time="4.830" classname="com.LorealPages_TestCases.HairCare"/>
  <testcase name="verifyhairCarePathPath" time="13.856" classname="com.LorealPages_TestCases.HairCare"/>
  <testcase name="verifyhairCareDescription" time="1.041" classname="com.LorealPages_TestCases.HairCare"/>
  <testcase name="verifyhairCareAllProducts" time="3.524" classname="com.LorealPages_TestCases.HairCare"/>
  <testcase name="verifyhairCareLoadMoreButton" time="3.198" classname="com.LorealPages_TestCases.HairCare"/>
</testsuite> <!-- com.LorealPages_TestCases.HairCare -->
