<?xml version="1.0" encoding="UTF-8"?>
<!-- Generated by org.testng.reporters.JUnitReportReporter -->
<testsuite hostname="ETVL114568" name="com.LorealPages_TestCases.SkinCare" tests="7" failures="0" timestamp="26 Apr 2019 11:33:35 GMT" time="27.744" errors="0">
  <testcase name="verifyskinCareHeader" time="1.088" classname="com.LorealPages_TestCases.SkinCare"/>
  <testcase name="verifyskinCareProductGrid" time="1.345" classname="com.LorealPages_TestCases.SkinCare"/>
  <testcase name="verifyLoadMoreisClickable" time="5.144" classname="com.LorealPages_TestCases.SkinCare"/>
  <testcase name="verifyskinCarePathPath" time="12.570" classname="com.LorealPages_TestCases.SkinCare"/>
  <testcase name="verifyskinCareDescription" time="1.243" classname="com.LorealPages_TestCases.SkinCare"/>
  <testcase name="verifyskinCareAllProducts" time="3.291" classname="com.LorealPages_TestCases.SkinCare"/>
  <testcase name="verifyskinCareLoadMoreButton" time="3.063" classname="com.LorealPages_TestCases.SkinCare"/>
</testsuite> <!-- com.LorealPages_TestCases.SkinCare -->
