<?xml version="1.0" encoding="UTF-8"?>
<!-- Generated by org.testng.reporters.JUnitReportReporter -->
<testsuite hostname="ETVL114568" name="com.LorealPages_TestCases.HairStyling" tests="7" failures="0" timestamp="26 Apr 2019 11:22:36 GMT" time="28.778" errors="0">
  <testcase name="verifyhairStyleHeader" time="0.889" classname="com.LorealPages_TestCases.HairStyling"/>
  <testcase name="verifyhairStyleProductGrid" time="1.024" classname="com.LorealPages_TestCases.HairStyling"/>
  <testcase name="verifyLoadMoreisClickable" time="4.796" classname="com.LorealPages_TestCases.HairStyling"/>
  <testcase name="verifyhairStylePath" time="14.974" classname="com.LorealPages_TestCases.HairStyling"/>
  <testcase name="verifyhairStyleDescription" time="1.107" classname="com.LorealPages_TestCases.HairStyling"/>
  <testcase name="verifyhairStyleAllProducts" time="3.298" classname="com.LorealPages_TestCases.HairStyling"/>
  <testcase name="verifyhairStyleLoadMoreButton" time="2.690" classname="com.LorealPages_TestCases.HairStyling"/>
</testsuite> <!-- com.LorealPages_TestCases.HairStyling -->
