<?xml version="1.0" encoding="UTF-8"?>
<!-- Generated by org.testng.reporters.JUnitReportReporter -->
<testsuite hostname="ETVL114568" name="com.LorealPages_TestCases.MegaMenu" tests="10" failures="0" timestamp="26 Apr 2019 11:30:25 GMT" time="138.889" errors="0">
  <testcase name="clickonHairStyling" time="11.721" classname="com.LorealPages_TestCases.MegaMenu"/>
  <testcase name="clickMegamenu" time="16.444" classname="com.LorealPages_TestCases.MegaMenu"/>
  <testcase name="clickonTips" time="12.732" classname="com.LorealPages_TestCases.MegaMenu"/>
  <testcase name="clickonMakeup" time="13.465" classname="com.LorealPages_TestCases.MegaMenu"/>
  <testcase name="clickonHairColor" time="12.078" classname="com.LorealPages_TestCases.MegaMenu"/>
  <testcase name="clickonNewMen" time="14.909" classname="com.LorealPages_TestCases.MegaMenu"/>
  <testcase name="clickonTutorials" time="9.315" classname="com.LorealPages_TestCases.MegaMenu"/>
  <testcase name="clickonHairCare" time="15.470" classname="com.LorealPages_TestCases.MegaMenu"/>
  <testcase name="clickonSkinCare" time="20.398" classname="com.LorealPages_TestCases.MegaMenu"/>
  <testcase name="clickonInspireMe" time="12.357" classname="com.LorealPages_TestCases.MegaMenu"/>
</testsuite> <!-- com.LorealPages_TestCases.MegaMenu -->
